<?xml version="1.0" encoding="UTF-8"?>
<testsuite name="com.mkyong.core.utils.AppTest" tests="1" skipped="0" failures="0" errors="0" timestamp="2016-11-14T22:47:31" hostname="LAPTOP-P5GHOHB7" time="0.001">
  <properties/>
  <testcase name="testApp" classname="com.mkyong.core.utils.AppTest" time="0.001"/>
  <system-out><![CDATA[]]></system-out>
  <system-err><![CDATA[]]></system-err>
</testsuite>
